2019-01-24 00:29:49,382 INFO o.a.j.u.JMeterUtils: Setting Locale to en_US
2019-01-24 00:29:49,471 INFO o.a.j.JMeter: Loading system properties from: system.properties
2019-01-24 00:29:49,480 INFO o.a.j.JMeter: Copyright (c) 1998-2017 The Apache Software Foundation
2019-01-24 00:29:49,481 INFO o.a.j.JMeter: Version 3.3 r1808647
2019-01-24 00:29:49,481 INFO o.a.j.JMeter: java.version=11.0.2
2019-01-24 00:29:49,481 INFO o.a.j.JMeter: java.vm.name=Java HotSpot(TM) 64-Bit Server VM
2019-01-24 00:29:49,481 INFO o.a.j.JMeter: os.name=Windows 10
2019-01-24 00:29:49,482 INFO o.a.j.JMeter: os.arch=amd64
2019-01-24 00:29:49,490 INFO o.a.j.JMeter: os.version=10.0
2019-01-24 00:29:49,490 INFO o.a.j.JMeter: file.encoding=Cp1252
2019-01-24 00:29:49,490 INFO o.a.j.JMeter: Max memory     =536870912
2019-01-24 00:29:49,490 INFO o.a.j.JMeter: Available Processors =4
2019-01-24 00:29:49,539 INFO o.a.j.JMeter: Default Locale=English (United States)
2019-01-24 00:29:49,540 INFO o.a.j.JMeter: JMeter  Locale=English (United States)
2019-01-24 00:29:49,540 INFO o.a.j.JMeter: JMeterHome=C:\APPU\test\my-app\target\jmeter
2019-01-24 00:29:49,540 INFO o.a.j.JMeter: user.dir  =C:\APPU\test\my-app\target\jmeter\bin
2019-01-24 00:29:49,542 INFO o.a.j.JMeter: PWD       =C:\APPU\test\my-app\target\jmeter\bin
2019-01-24 00:29:49,544 INFO o.a.j.JMeter: IP: 192.168.1.131 Name: Arpit FullName: Arpit
2019-01-24 00:29:49,548 INFO o.a.j.JMeter: Setting property 'jmeter.reportgenerator.outputdir' to:'C:\APPU\test\my-app\target\jmeter\reports\sample_20190124_002943'
2019-01-24 00:29:49,551 INFO o.a.j.s.FileServer: Default base='C:\APPU\test\my-app\target\jmeter\bin'
2019-01-24 00:29:49,551 INFO o.a.j.s.FileServer: Set new base='C:\APPU\test\my-app\target\jmeter\testFiles'
2019-01-24 00:29:50,293 INFO o.a.j.s.SaveService: Testplan (JMX) version: 2.2. Testlog (JTL) version: 2.2
2019-01-24 00:29:50,364 INFO o.a.j.s.SaveService: Using SaveService properties version 3.2
2019-01-24 00:29:50,377 INFO o.a.j.s.SaveService: Using SaveService properties file encoding UTF-8
2019-01-24 00:29:50,385 INFO o.a.j.s.SaveService: Loading file: C:\APPU\test\my-app\target\jmeter\testFiles\sample.jmx
2019-01-24 00:29:50,466 INFO o.a.j.p.h.s.HTTPSamplerBase: Parser for text/html is org.apache.jmeter.protocol.http.parser.LagartoBasedHtmlParser
2019-01-24 00:29:50,466 INFO o.a.j.p.h.s.HTTPSamplerBase: Parser for application/xhtml+xml is org.apache.jmeter.protocol.http.parser.LagartoBasedHtmlParser
2019-01-24 00:29:50,466 INFO o.a.j.p.h.s.HTTPSamplerBase: Parser for application/xml is org.apache.jmeter.protocol.http.parser.LagartoBasedHtmlParser
2019-01-24 00:29:50,466 INFO o.a.j.p.h.s.HTTPSamplerBase: Parser for text/xml is org.apache.jmeter.protocol.http.parser.LagartoBasedHtmlParser
2019-01-24 00:29:50,467 INFO o.a.j.p.h.s.HTTPSamplerBase: Parser for text/vnd.wap.wml is org.apache.jmeter.protocol.http.parser.RegexpHTMLParser
2019-01-24 00:29:50,467 INFO o.a.j.p.h.s.HTTPSamplerBase: Parser for text/css is org.apache.jmeter.protocol.http.parser.CssParser
2019-01-24 00:29:50,577 INFO o.a.j.JMeter: Creating summariser <summary>
2019-01-24 00:29:50,583 INFO o.a.j.r.d.ReportGenerator: ReportGenerator will use for Parsing the separator: ','
2019-01-24 00:29:50,584 INFO o.a.j.r.d.ReportGenerator: Will generate report at end of test from  results file: C:\APPU\test\my-app\target\jmeter\results\20190124-sample.csv
2019-01-24 00:29:50,584 INFO o.a.j.r.d.ReportGenerator: Reading report generator properties from: C:\APPU\test\my-app\target\jmeter\bin\reportgenerator.properties
2019-01-24 00:29:50,585 INFO o.a.j.r.d.ReportGenerator: Merging with JMeter properties
2019-01-24 00:29:50,596 INFO o.a.j.r.c.ReportGeneratorConfiguration: Property 'jmeter.reportgenerator.temp_dir' not found, using default value 'temp' instead.
2019-01-24 00:29:50,600 INFO o.a.j.r.c.ReportGeneratorConfiguration: Property 'jmeter.reportgenerator.apdex_per_transaction' not found, using default value 'null' instead.
2019-01-24 00:29:50,600 INFO o.a.j.r.c.ReportGeneratorConfiguration: apdex_per_transaction : {} is empty, not APDEX per transaction customization
2019-01-24 00:29:50,601 INFO o.a.j.r.c.ReportGeneratorConfiguration: Property 'jmeter.reportgenerator.sample_filter' not found, using default value 'null' instead.
2019-01-24 00:29:50,601 INFO o.a.j.r.c.ReportGeneratorConfiguration: Property 'jmeter.reportgenerator.report_title' not found, using default value 'null' instead.
2019-01-24 00:29:50,601 INFO o.a.j.r.c.ReportGeneratorConfiguration: Property 'jmeter.reportgenerator.start_date' not found, using default value 'null' instead.
2019-01-24 00:29:50,601 INFO o.a.j.r.c.ReportGeneratorConfiguration: Property 'jmeter.reportgenerator.end_date' not found, using default value 'null' instead.
2019-01-24 00:29:50,601 INFO o.a.j.r.c.ReportGeneratorConfiguration: Property 'jmeter.reportgenerator.date_format' not found, using default value 'null' instead.
2019-01-24 00:29:50,678 INFO o.a.j.r.c.ReportGeneratorConfiguration: Will use date range start date: null, end date: null
2019-01-24 00:29:50,689 INFO o.a.j.r.c.ReportGeneratorConfiguration: Property 'jmeter.reportgenerator.graph.activeThreadsOverTime.exclude_controllers' not found, using default value 'false' instead.
2019-01-24 00:29:50,689 INFO o.a.j.r.c.ReportGeneratorConfiguration: Property 'jmeter.reportgenerator.graph.timeVsThreads.exclude_controllers' not found, using default value 'false' instead.
2019-01-24 00:29:50,689 INFO o.a.j.r.c.ReportGeneratorConfiguration: Property 'jmeter.reportgenerator.graph.responseTimeDistribution.exclude_controllers' not found, using default value 'false' instead.
2019-01-24 00:29:50,690 INFO o.a.j.r.c.ReportGeneratorConfiguration: Property 'jmeter.reportgenerator.graph.transactionsPerSecond.exclude_controllers' not found, using default value 'false' instead.
2019-01-24 00:29:50,691 INFO o.a.j.r.c.ReportGeneratorConfiguration: Property 'jmeter.reportgenerator.graph.responseTimePercentiles.exclude_controllers' not found, using default value 'false' instead.
2019-01-24 00:29:50,691 INFO o.a.j.r.c.ReportGeneratorConfiguration: Property 'jmeter.reportgenerator.graph.responseTimePercentilesOverTime.exclude_controllers' not found, using default value 'false' instead.
2019-01-24 00:29:50,692 INFO o.a.j.r.c.ReportGeneratorConfiguration: Property 'jmeter.reportgenerator.graph.responseTimesOverTime.exclude_controllers' not found, using default value 'false' instead.
2019-01-24 00:29:50,693 INFO o.a.j.r.c.ReportGeneratorConfiguration: Property 'jmeter.reportgenerator.graph.connectTimeOverTime.exclude_controllers' not found, using default value 'false' instead.
2019-01-24 00:29:50,693 INFO o.a.j.r.c.ReportGeneratorConfiguration: Property 'jmeter.reportgenerator.graph.latenciesOverTime.exclude_controllers' not found, using default value 'false' instead.
2019-01-24 00:29:50,695 INFO o.a.j.r.c.ReportGeneratorConfiguration: Property 'jmeter.reportgenerator.exporter.html.filters_only_sample_series' not found, using default value 'true' instead.
2019-01-24 00:29:50,695 INFO o.a.j.r.c.ReportGeneratorConfiguration: Property 'jmeter.reportgenerator.exporter.html.series_filter' not found, using default value '' instead.
2019-01-24 00:29:50,696 INFO o.a.j.r.c.ReportGeneratorConfiguration: Property 'jmeter.reportgenerator.exporter.html.show_controllers_only' not found, using default value 'false' instead.
2019-01-24 00:29:50,719 INFO o.a.j.e.StandardJMeterEngine: Running the test!
2019-01-24 00:29:50,760 INFO o.a.j.s.SampleEvent: List of sample_variables: []
2019-01-24 00:29:50,761 INFO o.a.j.s.SampleEvent: List of sample_variables: []
2019-01-24 00:29:50,858 INFO o.a.j.e.u.CompoundVariable: Note: Function class names must contain the string: '.functions.'
2019-01-24 00:29:50,859 INFO o.a.j.e.u.CompoundVariable: Note: Function class names must not contain the string: '.gui.'
2019-01-24 00:29:53,065 INFO o.a.j.JMeter: Running test (1548318593065)
2019-01-24 00:29:53,142 INFO o.a.j.e.StandardJMeterEngine: Starting ThreadGroup: 1 : Thread Group
2019-01-24 00:29:53,142 INFO o.a.j.e.StandardJMeterEngine: Starting 1 threads for group Thread Group.
2019-01-24 00:29:53,142 INFO o.a.j.e.StandardJMeterEngine: Thread will continue on error
2019-01-24 00:29:53,143 INFO o.a.j.t.ThreadGroup: Starting thread group... number=1 threads=1 ramp-up=1 perThread=1000.0 delayedStart=false
2019-01-24 00:29:53,148 INFO o.a.j.t.ThreadGroup: Started thread group number 1
2019-01-24 00:29:53,148 INFO o.a.j.e.StandardJMeterEngine: All thread groups have been started
2019-01-24 00:29:53,724 INFO o.a.j.t.JMeterThread: Thread started: Thread Group 1-1
2019-01-24 00:29:53,726 INFO o.a.j.s.FileServer: Stored: C:/APPU/test/sampleText.csv
2019-01-24 00:29:53,764 INFO o.a.j.p.h.s.HTTPHCAbstractImpl: Local host = Arpit
2019-01-24 00:29:53,776 INFO o.a.j.p.h.s.HTTPHC4Impl: HTTP request retry count = 0
2019-01-24 00:29:53,792 INFO o.a.j.s.SampleResult: Note: Sample TimeStamps are START times
2019-01-24 00:29:53,792 INFO o.a.j.s.SampleResult: sampleresult.default.encoding is set to ISO-8859-1
2019-01-24 00:29:53,792 INFO o.a.j.s.SampleResult: sampleresult.useNanoTime=true
2019-01-24 00:29:53,792 INFO o.a.j.s.SampleResult: sampleresult.nanoThreadSleep=5000
2019-01-24 00:29:53,967 INFO o.a.j.p.h.s.LazySchemeSocketFactory: Setting up HTTPS TrustAll Socket Factory
2019-01-24 00:29:53,977 INFO o.a.j.u.JsseSSLManager: Using default SSL protocol: TLS
2019-01-24 00:29:53,977 INFO o.a.j.u.JsseSSLManager: SSL session context: per-thread
2019-01-24 00:29:54,565 INFO o.a.j.u.SSLManager: JmeterKeyStore Location:  type JKS
2019-01-24 00:29:54,566 INFO o.a.j.u.SSLManager: KeyStore created OK
2019-01-24 00:29:54,567 WARN o.a.j.u.SSLManager: Keystore file not found, loading empty keystore
2019-01-24 00:29:55,700 INFO o.a.j.t.JMeterThread: Thread is done: Thread Group 1-1
2019-01-24 00:29:55,700 INFO o.a.j.t.JMeterThread: Thread finished: Thread Group 1-1
2019-01-24 00:29:55,706 INFO o.a.j.e.StandardJMeterEngine: Notifying test listeners of end of test
2019-01-24 00:29:55,708 INFO o.a.j.s.FileServer: Close: C:/APPU/test/sampleText.csv
2019-01-24 00:29:55,714 INFO o.a.j.r.Summariser: summary =      5 in 00:00:03 =    1.9/s Avg:   372 Min:    86 Max:  1499 Err:     0 (0.00%)
2019-01-24 00:29:55,718 INFO o.a.j.JMeter: Generating Dashboard
2019-01-24 00:29:55,718 INFO o.a.j.r.d.ReportGenerator: Flushing result collector before report Generation
2019-01-24 00:29:55,751 INFO o.a.j.r.p.NormalizerSampleConsumer: Using format, 'ms', to parse timeStamp field
2019-01-24 00:29:55,927 INFO o.a.j.r.p.AbstractSampleConsumer: class org.apache.jmeter.report.processor.AggregateConsumer#stopProducing(): beginDate produced 0 samples
2019-01-24 00:29:55,927 INFO o.a.j.r.p.AbstractSampleConsumer: class org.apache.jmeter.report.processor.AggregateConsumer#stopProducing(): endDate produced 0 samples
2019-01-24 00:29:55,929 INFO o.a.j.r.p.AbstractSampleConsumer: class org.apache.jmeter.report.processor.ApdexSummaryConsumer#stopProducing(): apdexSummary produced 0 samples
2019-01-24 00:29:55,929 INFO o.a.j.r.p.AbstractSampleConsumer: class org.apache.jmeter.report.processor.RequestsSummaryConsumer#stopProducing(): requestsSummary produced 0 samples
2019-01-24 00:29:55,986 INFO o.a.j.r.p.AbstractSampleConsumer: class org.apache.jmeter.report.processor.StatisticsSummaryConsumer#stopProducing(): statisticsSummary produced 0 samples
2019-01-24 00:29:55,987 INFO o.a.j.r.p.AbstractSampleConsumer: class org.apache.jmeter.report.processor.Top5ErrorsBySamplerConsumer#stopProducing(): top5ErrorsBySampler produced 0 samples
2019-01-24 00:29:55,987 INFO o.a.j.r.p.AbstractSampleConsumer: class org.apache.jmeter.report.processor.ErrorsSummaryConsumer#stopProducing(): errorsSummary produced 0 samples
2019-01-24 00:29:55,987 INFO o.a.j.r.p.AbstractSampleConsumer: class org.apache.jmeter.report.processor.graph.impl.HitsPerSecondGraphConsumer#stopProducing(): hitsPerSecond produced 0 samples
2019-01-24 00:29:56,001 INFO o.a.j.r.p.AbstractSampleConsumer: class org.apache.jmeter.report.processor.graph.impl.LatencyVSRequestGraphConsumer#stopProducing(): latencyVsRequest produced 0 samples
2019-01-24 00:29:56,001 INFO o.a.j.r.p.AbstractSampleConsumer: class org.apache.jmeter.report.processor.graph.impl.SyntheticResponseTimeDistributionGraphConsumer#stopProducing(): syntheticResponseTimeDistribution produced 0 samples
2019-01-24 00:29:56,002 INFO o.a.j.r.p.AbstractSampleConsumer: class org.apache.jmeter.report.processor.graph.impl.BytesThroughputGraphConsumer#stopProducing(): bytesThroughputOverTime produced 0 samples
2019-01-24 00:29:56,002 INFO o.a.j.r.p.AbstractSampleConsumer: class org.apache.jmeter.report.processor.graph.impl.CodesPerSecondGraphConsumer#stopProducing(): codesPerSecond produced 0 samples
2019-01-24 00:29:56,009 INFO o.a.j.r.p.AbstractSampleConsumer: class org.apache.jmeter.report.processor.graph.impl.ResponseTimeVSRequestGraphConsumer#stopProducing(): responseTimeVsRequest produced 0 samples
2019-01-24 00:29:56,009 INFO o.a.j.r.p.AbstractSampleConsumer: class org.apache.jmeter.report.processor.FilterConsumer#stopProducing(): startIntervalControlerFilter produced 35 samples
2019-01-24 00:29:56,009 INFO o.a.j.r.p.AbstractSampleConsumer: class org.apache.jmeter.report.processor.graph.impl.ActiveThreadsGraphConsumer#stopProducing(): activeThreadsOverTime produced 0 samples
2019-01-24 00:29:56,010 INFO o.a.j.r.p.AbstractSampleConsumer: class org.apache.jmeter.report.processor.graph.impl.TimeVSThreadGraphConsumer#stopProducing(): timeVsThreads produced 0 samples
2019-01-24 00:29:56,010 INFO o.a.j.r.p.AbstractSampleConsumer: class org.apache.jmeter.report.processor.graph.impl.ResponseTimeDistributionGraphConsumer#stopProducing(): responseTimeDistribution produced 0 samples
2019-01-24 00:29:56,010 INFO o.a.j.r.p.AbstractSampleConsumer: class org.apache.jmeter.report.processor.graph.impl.TransactionsPerSecondGraphConsumer#stopProducing(): transactionsPerSecond produced 0 samples
2019-01-24 00:29:56,010 INFO o.a.j.r.p.AbstractSampleConsumer: class org.apache.jmeter.report.processor.graph.impl.ResponseTimePercentilesGraphConsumer#stopProducing(): responseTimePercentiles produced 0 samples
2019-01-24 00:29:56,011 INFO o.a.j.r.p.AbstractSampleConsumer: class org.apache.jmeter.report.processor.graph.impl.ResponseTimePercentilesOverTimeGraphConsumer#stopProducing(): responseTimePercentilesOverTime produced 0 samples
2019-01-24 00:29:56,012 INFO o.a.j.r.p.AbstractSampleConsumer: class org.apache.jmeter.report.processor.graph.impl.ResponseTimeOverTimeGraphConsumer#stopProducing(): responseTimesOverTime produced 0 samples
2019-01-24 00:29:56,012 INFO o.a.j.r.p.AbstractSampleConsumer: class org.apache.jmeter.report.processor.graph.impl.ConnectTimeOverTimeGraphConsumer#stopProducing(): connectTimeOverTime produced 0 samples
2019-01-24 00:29:56,012 INFO o.a.j.r.p.AbstractSampleConsumer: class org.apache.jmeter.report.processor.graph.impl.LatencyOverTimeGraphConsumer#stopProducing(): latenciesOverTime produced 0 samples
2019-01-24 00:29:56,012 INFO o.a.j.r.p.AbstractSampleConsumer: class org.apache.jmeter.report.processor.FilterConsumer#stopProducing(): nameFilter produced 70 samples
2019-01-24 00:29:56,012 INFO o.a.j.r.p.AbstractSampleConsumer: class org.apache.jmeter.report.processor.FilterConsumer#stopProducing(): dateRangeFilter produced 15 samples
2019-01-24 00:29:56,012 INFO o.a.j.r.p.AbstractSampleConsumer: class org.apache.jmeter.report.processor.NormalizerSampleConsumer#stopProducing(): normalizer produced 5 samples
2019-01-24 00:29:56,013 INFO o.a.j.r.p.CsvFileSampleSource: produce(): 5 samples produced in 196ms on channel 0
2019-01-24 00:29:56,013 INFO o.a.j.r.d.ReportGenerator: Exporting data using exporter:'html' of className:'org.apache.jmeter.report.dashboard.HtmlTemplateExporter'
2019-01-24 00:29:56,017 INFO o.a.j.r.d.HtmlTemplateExporter: Will generate dashboard in folder: C:\APPU\test\my-app\target\jmeter\reports\sample_20190124_002943
2019-01-24 00:29:56,147 INFO o.a.j.r.d.HtmlTemplateExporter: Report will be generated in: C:\APPU\test\my-app\target\jmeter\reports\sample_20190124_002943, creating folder structure
2019-01-24 00:30:01,617 INFO o.a.j.JMeter: Dashboard generated
